# JRE version: Java(TM) SE Runtime Environment (17.0.15+9) (build 17.0.15+9-LTS-241)
# Java VM: Java HotSpot(TM) 64-Bit Server VM (17.0.15+9-LTS-241, mixed mode, sharing, tiered, compressed oops, compressed class ptrs, g1 gc, windows-amd64)
GC Precious Log:
 CPUs: 4 total, 4 available
 Memory: 8067M
 Large Page Support: Disabled
 NUMA Support: Disabled
 Compressed Oops: Enabled (32-bit)
 Heap Region Size: 1M
 Heap Min Capacity: 8M
 Heap Initial Capacity: 128M
 Heap Max Capacity: 2018M
 Pre-touch: Disabled
 Parallel Workers: 4
 Concurrent Workers: 1
 Concurrent Refinement Workers: 4
 Periodic GC: Disabled
Heap:
 garbage-first heap   total 131072K, used 42090K [0x0000000081e00000, 0x0000000100000000)
  region size 1024K, 26 young (26624K), 6 survivors (6144K)
 Metaspace       used 19004K, committed 19328K, reserved 1114112K
  class space    used 2382K, committed 2496K, reserved 1048576K
GC Heap History (12 events):
Event: 7.875 GC heap before
{Heap before GC invocations=0 (full 0):
 garbage-first heap   total 131072K, used 15360K [0x0000000081e00000, 0x0000000100000000)
  region size 1024K, 13 young (13312K), 0 survivors (0K)
 Metaspace       used 573K, committed 768K, reserved 1114112K
  class space    used 17K, committed 128K, reserved 1048576K
}
Event: 8.302 GC heap after
{Heap after GC invocations=1 (full 0):
 garbage-first heap   total 131072K, used 9491K [0x0000000081e00000, 0x0000000100000000)
  region size 1024K, 2 young (2048K), 2 survivors (2048K)
 Metaspace       used 573K, committed 768K, reserved 1114112K
  class space    used 17K, committed 128K, reserved 1048576K
}
Event: 14.365 GC heap before
{Heap before GC invocations=1 (full 0):
 garbage-first heap   total 131072K, used 19731K [0x0000000081e00000, 0x0000000100000000)
  region size 1024K, 10 young (10240K), 2 survivors (2048K)
 Metaspace       used 1997K, committed 2176K, reserved 1114112K
  class space    used 176K, committed 256K, reserved 1048576K
}
Event: 14.377 GC heap after
{Heap after GC invocations=2 (full 0):
 garbage-first heap   total 131072K, used 16313K [0x0000000081e00000, 0x0000000100000000)
  region size 1024K, 2 young (2048K), 2 survivors (2048K)
 Metaspace       used 1997K, committed 2176K, reserved 1114112K
  class space    used 176K, committed 256K, reserved 1048576K
}
Event: 20.719 GC heap before
{Heap before GC invocations=2 (full 0):
 garbage-first heap   total 131072K, used 31673K [0x0000000081e00000, 0x0000000100000000)
  region size 1024K, 17 young (17408K), 2 survivors (2048K)
 Metaspace       used 3541K, committed 3648K, reserved 1114112K
  class space    used 318K, committed 384K, reserved 1048576K
}
Event: 20.731 GC heap after
{Heap after GC invocations=3 (full 0):
 garbage-first heap   total 131072K, used 17491K [0x0000000081e00000, 0x0000000100000000)
  region size 1024K, 1 young (1024K), 1 survivors (1024K)
 Metaspace       used 3541K, committed 3648K, reserved 1114112K
  class space    used 318K, committed 384K, reserved 1048576K
}
Event: 46.481 GC heap before
{Heap before GC invocations=3 (full 0):
 garbage-first heap   total 131072K, used 78931K [0x0000000081e00000, 0x0000000100000000)
  region size 1024K, 61 young (62464K), 1 survivors (1024K)
 Metaspace       used 8010K, committed 8192K, reserved 1114112K
  class space    used 804K, committed 896K, reserved 1048576K
}
Event: 46.493 GC heap after
{Heap after GC invocations=4 (full 0):
 garbage-first heap   total 131072K, used 19394K [0x0000000081e00000, 0x0000000100000000)
  region size 1024K, 3 young (3072K), 3 survivors (3072K)
 Metaspace       used 8010K, committed 8192K, reserved 1114112K
  class space    used 804K, committed 896K, reserved 1048576K
}
Event: 58.315 GC heap before
{Heap before GC invocations=4 (full 0):
 garbage-first heap   total 131072K, used 94146K [0x0000000081e00000, 0x0000000100000000)
  region size 1024K, 76 young (77824K), 3 survivors (3072K)
 Metaspace       used 13480K, committed 13824K, reserved 1114112K
  class space    used 1576K, committed 1728K, reserved 1048576K
}
Event: 58.331 GC heap after
{Heap after GC invocations=5 (full 0):
 garbage-first heap   total 131072K, used 21398K [0x0000000081e00000, 0x0000000100000000)
  region size 1024K, 5 young (5120K), 5 survivors (5120K)
 Metaspace       used 13480K, committed 13824K, reserved 1114112K
  class space    used 1576K, committed 1728K, reserved 1048576K
}
Event: 71.103 GC heap before
{Heap before GC invocations=5 (full 0):
 garbage-first heap   total 131072K, used 94102K [0x0000000081e00000, 0x0000000100000000)
  region size 1024K, 76 young (77824K), 5 survivors (5120K)
 Metaspace       used 17911K, committed 18304K, reserved 1114112K
  class space    used 2202K, committed 2368K, reserved 1048576K
}
Event: 71.120 GC heap after
{Heap after GC invocations=6 (full 0):
 garbage-first heap   total 131072K, used 22634K [0x0000000081e00000, 0x0000000100000000)
  region size 1024K, 6 young (6144K), 6 survivors (6144K)
 Metaspace       used 17911K, committed 18304K, reserved 1114112K
  class space    used 2202K, committed 2368K, reserved 1048576K
}

